<?xml version="1.0" encoding="UTF-8"?>
<coverage generated="1588813082783" clover="3.2.0">
  <project timestamp="1588813082783" name="All files">
    <metrics statements="4" coveredstatements="4" conditionals="2" coveredconditionals="2" methods="1" coveredmethods="1" elements="7" coveredelements="7" complexity="0" loc="4" ncloc="4" packages="1" files="1" classes="1"/>
    <file name="api.js" path="/mnt/d/ALME/Laboratoria/track-Fe/LIM012-fe-md-links/src/img/api.js">
      <metrics statements="4" coveredstatements="4" conditionals="2" coveredconditionals="2" methods="1" coveredmethods="1"/>
      <line num="11" count="1" type="stmt"/>
      <line num="12" count="1" type="stmt"/>
      <line num="26" count="2" type="cond" truecount="2" falsecount="0"/>
      <line num="28" count="1" type="stmt"/>
    </file>
  </project>
</coverage>
