<?xml version="1.0" encoding="UTF-8"?>
<coverage generated="1591111863323" clover="3.2.0">
  <project timestamp="1591111863324" name="All files">
    <metrics statements="50" coveredstatements="45" conditionals="12" coveredconditionals="10" methods="16" coveredmethods="13" elements="78" coveredelements="68" complexity="0" loc="50" ncloc="50" packages="1" files="2" classes="2"/>
    <file name="mdLinks.js" path="/mnt/d/ALME/Laboratoria/track-Fe/LIM012-fe-md-links/src/mdLinks.js">
      <metrics statements="7" coveredstatements="6" conditionals="4" coveredconditionals="3" methods="2" coveredmethods="2"/>
      <line num="6" count="1" type="stmt"/>
      <line num="8" count="1" type="stmt"/>
      <line num="9" count="1" type="stmt"/>
      <line num="10" count="1" type="cond" truecount="3" falsecount="1"/>
      <line num="11" count="0" type="stmt"/>
      <line num="13" count="1" type="stmt"/>
      <line num="16" count="1" type="stmt"/>
    </file>
    <file name="utils.js" path="/mnt/d/ALME/Laboratoria/track-Fe/LIM012-fe-md-links/src/utils.js">
      <metrics statements="43" coveredstatements="39" conditionals="8" coveredconditionals="7" methods="14" coveredmethods="11"/>
      <line num="6" count="1" type="stmt"/>
      <line num="7" count="1" type="stmt"/>
      <line num="8" count="1" type="stmt"/>
      <line num="9" count="1" type="stmt"/>
      <line num="10" count="1" type="stmt"/>
      <line num="12" count="1" type="stmt"/>
      <line num="15" count="14" type="cond" truecount="2" falsecount="0"/>
      <line num="18" count="18" type="stmt"/>
      <line num="21" count="26" type="stmt"/>
      <line num="24" count="18" type="stmt"/>
      <line num="27" count="11" type="stmt"/>
      <line num="32" count="1" type="stmt"/>
      <line num="33" count="11" type="stmt"/>
      <line num="34" count="11" type="stmt"/>
      <line num="35" count="11" type="stmt"/>
      <line num="36" count="26" type="stmt"/>
      <line num="37" count="26" type="cond" truecount="2" falsecount="0"/>
      <line num="38" count="8" type="stmt"/>
      <line num="39" count="18" type="cond" truecount="1" falsecount="1"/>
      <line num="40" count="18" type="cond" truecount="2" falsecount="0"/>
      <line num="41" count="10" type="stmt"/>
      <line num="45" count="11" type="stmt"/>
      <line num="53" count="1" type="stmt"/>
      <line num="54" count="7" type="stmt"/>
      <line num="55" count="7" type="stmt"/>
      <line num="56" count="7" type="stmt"/>
      <line num="57" count="7" type="stmt"/>
      <line num="58" count="7" type="stmt"/>
      <line num="59" count="9" type="stmt"/>
      <line num="65" count="7" type="stmt"/>
      <line num="71" count="1" type="stmt"/>
      <line num="72" count="2" type="stmt"/>
      <line num="73" count="2" type="stmt"/>
      <line num="74" count="2" type="stmt"/>
      <line num="75" count="6" type="stmt"/>
      <line num="77" count="2" type="stmt"/>
      <line num="79" count="1" type="stmt"/>
      <line num="82" count="1" type="stmt"/>
      <line num="83" count="0" type="stmt"/>
      <line num="84" count="0" type="stmt"/>
      <line num="85" count="0" type="stmt"/>
      <line num="95" count="0" type="stmt"/>
      <line num="100" count="1" type="stmt"/>
    </file>
  </project>
</coverage>
