{"/mnt/d/ALME/Laboratoria/track-Fe/LIM012-fe-md-links/src/mdLinks.js": {"path":"/mnt/d/ALME/Laboratoria/track-Fe/LIM012-fe-md-links/src/mdLinks.js","statementMap":{"0":{"start":{"line":6,"column":4},"end":{"line":6,"column":22}},"1":{"start":{"line":8,"column":16},"end":{"line":14,"column":2}},"2":{"start":{"line":8,"column":35},"end":{"line":14,"column":2}},"3":{"start":{"line":9,"column":26},"end":{"line":9,"column":42}},"4":{"start":{"line":10,"column":2},"end":{"line":12,"column":3}},"5":{"start":{"line":11,"column":4},"end":{"line":11,"column":33}},"6":{"start":{"line":13,"column":2},"end":{"line":13,"column":40}},"7":{"start":{"line":16,"column":0},"end":{"line":16,"column":29}}},"fnMap":{"0":{"name":"(anonymous_0)","decl":{"start":{"line":8,"column":16},"end":{"line":8,"column":17}},"loc":{"start":{"line":8,"column":35},"end":{"line":14,"column":2}},"line":8},"1":{"name":"(anonymous_1)","decl":{"start":{"line":8,"column":47},"end":{"line":8,"column":48}},"loc":{"start":{"line":8,"column":60},"end":{"line":14,"column":1}},"line":8}},"branchMap":{"0":{"loc":{"start":{"line":10,"column":2},"end":{"line":12,"column":3}},"type":"if","locations":[{"start":{"line":10,"column":2},"end":{"line":12,"column":3}},{"start":{"line":10,"column":2},"end":{"line":12,"column":3}}],"line":10},"1":{"loc":{"start":{"line":10,"column":6},"end":{"line":10,"column":47}},"type":"binary-expr","locations":[{"start":{"line":10,"column":6},"end":{"line":10,"column":27}},{"start":{"line":10,"column":31},"end":{"line":10,"column":47}}],"line":10}},"s":{"0":1,"1":1,"2":1,"3":1,"4":1,"5":0,"6":1,"7":1},"f":{"0":1,"1":1},"b":{"0":[0,1],"1":[1,1]},"_coverageSchema":"1a1c01bbd47fc00a2c39e90264f33305004495a9","hash":"99f077a643e122dc08bfe8dab6634142cadcbba2"}
,"/mnt/d/ALME/Laboratoria/track-Fe/LIM012-fe-md-links/src/utils.js": {"path":"/mnt/d/ALME/Laboratoria/track-Fe/LIM012-fe-md-links/src/utils.js","statementMap":{"0":{"start":{"line":6,"column":11},"end":{"line":6,"column":24}},"1":{"start":{"line":7,"column":13},"end":{"line":7,"column":28}},"2":{"start":{"line":8,"column":15},"end":{"line":8,"column":32}},"3":{"start":{"line":9,"column":14},"end":{"line":9,"column":30}},"4":{"start":{"line":10,"column":14},"end":{"line":10,"column":35}},"5":{"start":{"line":12,"column":18},"end":{"line":12,"column":23}},"6":{"start":{"line":15,"column":19},"end":{"line":15,"column":80}},"7":{"start":{"line":15,"column":30},"end":{"line":15,"column":79}},"8":{"start":{"line":18,"column":23},"end":{"line":18,"column":59}},"9":{"start":{"line":18,"column":33},"end":{"line":18,"column":59}},"10":{"start":{"line":21,"column":28},"end":{"line":21,"column":69}},"11":{"start":{"line":21,"column":38},"end":{"line":21,"column":69}},"12":{"start":{"line":24,"column":17},"end":{"line":24,"column":57}},"13":{"start":{"line":24,"column":28},"end":{"line":24,"column":56}},"14":{"start":{"line":27,"column":22},"end":{"line":27,"column":61}},"15":{"start":{"line":27,"column":32},"end":{"line":27,"column":61}},"16":{"start":{"line":32,"column":25},"end":{"line":46,"column":1}},"17":{"start":{"line":33,"column":23},"end":{"line":33,"column":40}},"18":{"start":{"line":34,"column":19},"end":{"line":34,"column":21}},"19":{"start":{"line":35,"column":2},"end":{"line":44,"column":5}},"20":{"start":{"line":36,"column":25},"end":{"line":36,"column":54}},"21":{"start":{"line":37,"column":4},"end":{"line":43,"column":5}},"22":{"start":{"line":38,"column":6},"end":{"line":38,"column":69}},"23":{"start":{"line":39,"column":11},"end":{"line":43,"column":5}},"24":{"start":{"line":40,"column":6},"end":{"line":42,"column":7}},"25":{"start":{"line":41,"column":8},"end":{"line":41,"column":38}},"26":{"start":{"line":45,"column":2},"end":{"line":45,"column":20}},"27":{"start":{"line":53,"column":21},"end":{"line":66,"column":1}},"28":{"start":{"line":54,"column":19},"end":{"line":54,"column":21}},"29":{"start":{"line":55,"column":19},"end":{"line":55,"column":49}},"30":{"start":{"line":56,"column":17},"end":{"line":56,"column":33}},"31":{"start":{"line":57,"column":14},"end":{"line":57,"column":31}},"32":{"start":{"line":58,"column":2},"end":{"line":64,"column":5}},"33":{"start":{"line":59,"column":4},"end":{"line":63,"column":7}},"34":{"start":{"line":65,"column":2},"end":{"line":65,"column":18}},"35":{"start":{"line":71,"column":20},"end":{"line":78,"column":1}},"36":{"start":{"line":72,"column":17},"end":{"line":72,"column":19}},"37":{"start":{"line":73,"column":20},"end":{"line":73,"column":42}},"38":{"start":{"line":74,"column":2},"end":{"line":76,"column":5}},"39":{"start":{"line":75,"column":4},"end":{"line":75,"column":54}},"40":{"start":{"line":77,"column":2},"end":{"line":77,"column":18}},"41":{"start":{"line":79,"column":0},"end":{"line":79,"column":35}},"42":{"start":{"line":82,"column":22},"end":{"line":96,"column":1}},"43":{"start":{"line":83,"column":22},"end":{"line":83,"column":39}},"44":{"start":{"line":84,"column":22},"end":{"line":92,"column":8}},"45":{"start":{"line":84,"column":48},"end":{"line":92,"column":7}},"46":{"start":{"line":85,"column":20},"end":{"line":92,"column":5}},"47":{"start":{"line":95,"column":2},"end":{"line":95,"column":34}},"48":{"start":{"line":100,"column":0},"end":{"line":107,"column":2}}},"fnMap":{"0":{"name":"(anonymous_0)","decl":{"start":{"line":15,"column":19},"end":{"line":15,"column":20}},"loc":{"start":{"line":15,"column":30},"end":{"line":15,"column":79}},"line":15},"1":{"name":"(anonymous_1)","decl":{"start":{"line":18,"column":23},"end":{"line":18,"column":24}},"loc":{"start":{"line":18,"column":33},"end":{"line":18,"column":59}},"line":18},"2":{"name":"(anonymous_2)","decl":{"start":{"line":21,"column":28},"end":{"line":21,"column":29}},"loc":{"start":{"line":21,"column":38},"end":{"line":21,"column":69}},"line":21},"3":{"name":"(anonymous_3)","decl":{"start":{"line":24,"column":17},"end":{"line":24,"column":18}},"loc":{"start":{"line":24,"column":28},"end":{"line":24,"column":56}},"line":24},"4":{"name":"(anonymous_4)","decl":{"start":{"line":27,"column":22},"end":{"line":27,"column":23}},"loc":{"start":{"line":27,"column":32},"end":{"line":27,"column":61}},"line":27},"5":{"name":"(anonymous_5)","decl":{"start":{"line":32,"column":25},"end":{"line":32,"column":26}},"loc":{"start":{"line":32,"column":36},"end":{"line":46,"column":1}},"line":32},"6":{"name":"(anonymous_6)","decl":{"start":{"line":35,"column":38},"end":{"line":35,"column":39}},"loc":{"start":{"line":35,"column":48},"end":{"line":44,"column":3}},"line":35},"7":{"name":"(anonymous_7)","decl":{"start":{"line":53,"column":21},"end":{"line":53,"column":22}},"loc":{"start":{"line":53,"column":31},"end":{"line":66,"column":1}},"line":53},"8":{"name":"(anonymous_8)","decl":{"start":{"line":58,"column":52},"end":{"line":58,"column":53}},"loc":{"start":{"line":58,"column":65},"end":{"line":64,"column":3}},"line":58},"9":{"name":"(anonymous_9)","decl":{"start":{"line":71,"column":20},"end":{"line":71,"column":21}},"loc":{"start":{"line":71,"column":30},"end":{"line":78,"column":1}},"line":71},"10":{"name":"(anonymous_10)","decl":{"start":{"line":74,"column":20},"end":{"line":74,"column":21}},"loc":{"start":{"line":74,"column":33},"end":{"line":76,"column":3}},"line":74},"11":{"name":"(anonymous_11)","decl":{"start":{"line":82,"column":22},"end":{"line":82,"column":23}},"loc":{"start":{"line":82,"column":32},"end":{"line":96,"column":1}},"line":82},"12":{"name":"(anonymous_12)","decl":{"start":{"line":84,"column":38},"end":{"line":84,"column":39}},"loc":{"start":{"line":84,"column":48},"end":{"line":92,"column":7}},"line":84},"13":{"name":"(anonymous_13)","decl":{"start":{"line":85,"column":10},"end":{"line":85,"column":11}},"loc":{"start":{"line":85,"column":20},"end":{"line":92,"column":5}},"line":85}},"branchMap":{"0":{"loc":{"start":{"line":15,"column":30},"end":{"line":15,"column":79}},"type":"cond-expr","locations":[{"start":{"line":15,"column":54},"end":{"line":15,"column":58}},{"start":{"line":15,"column":61},"end":{"line":15,"column":79}}],"line":15},"1":{"loc":{"start":{"line":37,"column":4},"end":{"line":43,"column":5}},"type":"if","locations":[{"start":{"line":37,"column":4},"end":{"line":43,"column":5}},{"start":{"line":37,"column":4},"end":{"line":43,"column":5}}],"line":37},"2":{"loc":{"start":{"line":39,"column":11},"end":{"line":43,"column":5}},"type":"if","locations":[{"start":{"line":39,"column":11},"end":{"line":43,"column":5}},{"start":{"line":39,"column":11},"end":{"line":43,"column":5}}],"line":39},"3":{"loc":{"start":{"line":40,"column":6},"end":{"line":42,"column":7}},"type":"if","locations":[{"start":{"line":40,"column":6},"end":{"line":42,"column":7}},{"start":{"line":40,"column":6},"end":{"line":42,"column":7}}],"line":40}},"s":{"0":1,"1":1,"2":1,"3":1,"4":1,"5":1,"6":1,"7":14,"8":1,"9":18,"10":1,"11":26,"12":1,"13":18,"14":1,"15":11,"16":1,"17":11,"18":11,"19":11,"20":26,"21":26,"22":8,"23":18,"24":18,"25":10,"26":11,"27":1,"28":7,"29":7,"30":7,"31":7,"32":7,"33":9,"34":7,"35":1,"36":2,"37":2,"38":2,"39":6,"40":2,"41":1,"42":1,"43":0,"44":0,"45":0,"46":0,"47":0,"48":1},"f":{"0":14,"1":18,"2":26,"3":18,"4":11,"5":11,"6":26,"7":7,"8":9,"9":2,"10":6,"11":0,"12":0,"13":0},"b":{"0":[10,4],"1":[8,18],"2":[18,0],"3":[10,8]},"_coverageSchema":"1a1c01bbd47fc00a2c39e90264f33305004495a9","hash":"a99ba2240adefe13c0e496c3d0ca4ffbd20f3b27"}
}
