{"/mnt/d/ALME/Laboratoria/track-Fe/LIM012-fe-md-links/src/img/api.js": {"path":"/mnt/d/ALME/Laboratoria/track-Fe/LIM012-fe-md-links/src/img/api.js","statementMap":{"0":{"start":{"line":11,"column":11},"end":{"line":11,"column":24}},"1":{"start":{"line":12,"column":13},"end":{"line":12,"column":28}},"2":{"start":{"line":26,"column":19},"end":{"line":26,"column":80}},"3":{"start":{"line":26,"column":30},"end":{"line":26,"column":79}},"4":{"start":{"line":28,"column":0},"end":{"line":28,"column":32}}},"fnMap":{"0":{"name":"(anonymous_0)","decl":{"start":{"line":26,"column":19},"end":{"line":26,"column":20}},"loc":{"start":{"line":26,"column":30},"end":{"line":26,"column":79}},"line":26}},"branchMap":{"0":{"loc":{"start":{"line":26,"column":30},"end":{"line":26,"column":79}},"type":"cond-expr","locations":[{"start":{"line":26,"column":54},"end":{"line":26,"column":58}},{"start":{"line":26,"column":61},"end":{"line":26,"column":79}}],"line":26}},"s":{"0":1,"1":1,"2":1,"3":2,"4":1},"f":{"0":2},"b":{"0":[1,1]},"_coverageSchema":"1a1c01bbd47fc00a2c39e90264f33305004495a9","hash":"4b995791bf12ed41bf6f59a6f8dca1c4c6126c18"}
}
