TN:
SF:src/mdLinks.js
FN:8,(anonymous_0)
FN:8,(anonymous_1)
FNF:2
FNH:2
FNDA:2,(anonymous_0)
FNDA:2,(anonymous_1)
DA:6,1
DA:8,2
DA:9,2
DA:10,2
DA:11,1
DA:13,2
DA:16,1
LF:7
LH:7
BRDA:10,0,0,1
BRDA:10,0,1,1
BRDA:10,1,0,2
BRDA:10,1,1,2
BRF:4
BRH:4
end_of_record
TN:
SF:src/utils.js
FN:15,(anonymous_0)
FN:18,(anonymous_1)
FN:21,(anonymous_2)
FN:24,(anonymous_3)
FN:27,(anonymous_4)
FN:32,(anonymous_5)
FN:35,(anonymous_6)
FN:53,(anonymous_7)
FN:58,(anonymous_8)
FN:71,(anonymous_9)
FN:74,(anonymous_10)
FN:82,(anonymous_11)
FN:84,(anonymous_12)
FN:85,(anonymous_13)
FNF:14
FNH:14
FNDA:12,(anonymous_0)
FNDA:14,(anonymous_1)
FNDA:18,(anonymous_2)
FNDA:14,(anonymous_3)
FNDA:8,(anonymous_4)
FNDA:8,(anonymous_5)
FNDA:18,(anonymous_6)
FNDA:7,(anonymous_7)
FNDA:7,(anonymous_8)
FNDA:3,(anonymous_9)
FNDA:6,(anonymous_10)
FNDA:1,(anonymous_11)
FNDA:2,(anonymous_12)
FNDA:2,(anonymous_13)
DA:6,1
DA:7,1
DA:8,1
DA:9,1
DA:10,1
DA:12,1
DA:15,12
DA:18,14
DA:21,18
DA:24,14
DA:27,8
DA:32,1
DA:33,8
DA:34,8
DA:35,8
DA:36,18
DA:37,18
DA:38,4
DA:39,14
DA:40,14
DA:41,10
DA:45,8
DA:53,1
DA:54,7
DA:55,7
DA:56,7
DA:57,7
DA:58,7
DA:59,7
DA:65,7
DA:71,1
DA:72,3
DA:73,3
DA:74,3
DA:75,6
DA:77,3
DA:82,1
DA:83,1
DA:84,2
DA:85,2
DA:94,1
DA:99,1
LF:42
LH:42
BRDA:15,0,0,7
BRDA:15,0,1,5
BRDA:37,1,0,4
BRDA:37,1,1,14
BRDA:39,2,0,14
BRDA:39,2,1,0
BRDA:40,3,0,10
BRDA:40,3,1,4
BRF:8
BRH:7
end_of_record
